{"/Users/adebola/Documents/payoneer-weather-app/src/utils/helpers/index.js":{"path":"/Users/adebola/Documents/payoneer-weather-app/src/utils/helpers/index.js","statementMap":{"0":{"start":{"line":3,"column":29},"end":{"line":3,"column":93}},"1":{"start":{"line":5,"column":0},"end":{"line":7,"column":3}},"2":{"start":{"line":9,"column":0},"end":{"line":9,"column":65}},"3":{"start":{"line":11,"column":28},"end":{"line":17,"column":1}},"4":{"start":{"line":12,"column":12},"end":{"line":12,"column":13}},"5":{"start":{"line":13,"column":2},"end":{"line":15,"column":5}},"6":{"start":{"line":14,"column":4},"end":{"line":14,"column":26}},"7":{"start":{"line":16,"column":2},"end":{"line":16,"column":17}},"8":{"start":{"line":19,"column":0},"end":{"line":19,"column":54}},"9":{"start":{"line":21,"column":22},"end":{"line":23,"column":1}},"10":{"start":{"line":22,"column":2},"end":{"line":22,"column":30}},"11":{"start":{"line":25,"column":0},"end":{"line":25,"column":42}}},"fnMap":{"0":{"name":"calculateAvgDailyTemp","decl":{"start":{"line":11,"column":37},"end":{"line":11,"column":58}},"loc":{"start":{"line":11,"column":73},"end":{"line":17,"column":1}},"line":11},"1":{"name":"(anonymous_1)","decl":{"start":{"line":13,"column":19},"end":{"line":13,"column":20}},"loc":{"start":{"line":13,"column":35},"end":{"line":15,"column":3}},"line":13},"2":{"name":"convertFromCtoF","decl":{"start":{"line":21,"column":31},"end":{"line":21,"column":46}},"loc":{"start":{"line":21,"column":56},"end":{"line":23,"column":1}},"line":21}},"branchMap":{},"s":{"0":1,"1":1,"2":1,"3":1,"4":1,"5":1,"6":8,"7":1,"8":1,"9":1,"10":1,"11":1},"f":{"0":1,"1":8,"2":1},"b":{},"inputSourceMap":{"version":3,"sources":["index.js"],"names":["calculateAvgDailyTemp","temperatures","sum","map","temp","main","convertFromCtoF","celsius"],"mappings":";;;;;;;;;;AAAO,IAAMA,qBAAqB,GAAG,SAAxBA,qBAAwB,CAACC,YAAD,EAAkB;AACtD,MAAIC,GAAG,GAAG,CAAV;AACAD,EAAAA,YAAY,CAACE,GAAb,CAAiB,UAACC,IAAD,EAAU;AAC1BF,IAAAA,GAAG,IAAIE,IAAI,CAACC,IAAL,CAAUD,IAAjB;AACA,GAFD;AAIA,SAAOF,GAAG,GAAG,CAAb;AACA,CAPM;;;;AASA,IAAMI,eAAe,GAAG,SAAlBA,eAAkB,CAACC,OAAD,EAAa;AAC3C,SAAQA,OAAO,GAAG,CAAX,GAAgB,CAAhB,GAAoB,EAA3B;AACA,CAFM","sourceRoot":"/Users/adebola/Documents/payoneer-weather-app/src/utils/helpers/","sourcesContent":["export const calculateAvgDailyTemp = (temperatures) => {\n\tlet sum = 0;\n\ttemperatures.map((temp) => {\n\t\tsum += temp.main.temp;\n\t});\n\n\treturn sum / 8;\n};\n\nexport const convertFromCtoF = (celsius) => {\n\treturn (celsius * 9) / 5 + 32;\n};\n"]},"_coverageSchema":"1a1c01bbd47fc00a2c39e90264f33305004495a9","hash":"153fa188901478e5a17fe9588a53617424555544","contentHash":"79a72537ffc98d0dfe23f3ed3b99e5a90a64c0ae8cdf58af2c452eab5c845afb"},"/Users/adebola/Documents/payoneer-weather-app/src/components/WeatherCard.js":{"path":"/Users/adebola/Documents/payoneer-weather-app/src/components/WeatherCard.js","statementMap":{"0":{"start":{"line":3,"column":29},"end":{"line":3,"column":93}},"1":{"start":{"line":5,"column":29},"end":{"line":5,"column":92}},"2":{"start":{"line":7,"column":0},"end":{"line":9,"column":3}},"3":{"start":{"line":11,"column":0},"end":{"line":11,"column":25}},"4":{"start":{"line":13,"column":13},"end":{"line":13,"column":53}},"5":{"start":{"line":15,"column":14},"end":{"line":15,"column":41}},"6":{"start":{"line":17,"column":18},"end":{"line":53,"column":1}},"7":{"start":{"line":18,"column":13},"end":{"line":18,"column":22}},"8":{"start":{"line":19,"column":13},"end":{"line":19,"column":22}},"9":{"start":{"line":20,"column":16},"end":{"line":20,"column":28}},"10":{"start":{"line":21,"column":13},"end":{"line":21,"column":22}},"11":{"start":{"line":22,"column":18},"end":{"line":22,"column":32}},"12":{"start":{"line":23,"column":2},"end":{"line":52,"column":85}},"13":{"start":{"line":55,"column":15},"end":{"line":55,"column":26}},"14":{"start":{"line":56,"column":0},"end":{"line":56,"column":27}}},"fnMap":{"0":{"name":"WeatherCard","decl":{"start":{"line":17,"column":27},"end":{"line":17,"column":38}},"loc":{"start":{"line":17,"column":45},"end":{"line":53,"column":1}},"line":17}},"branchMap":{"0":{"loc":{"start":{"line":47,"column":23},"end":{"line":47,"column":46}},"type":"cond-expr","locations":[{"start":{"line":47,"column":35},"end":{"line":47,"column":39}},{"start":{"line":47,"column":42},"end":{"line":47,"column":46}}],"line":47},"1":{"loc":{"start":{"line":52,"column":58},"end":{"line":52,"column":81}},"type":"cond-expr","locations":[{"start":{"line":52,"column":70},"end":{"line":52,"column":74}},{"start":{"line":52,"column":77},"end":{"line":52,"column":81}}],"line":52}},"s":{"0":1,"1":1,"2":1,"3":1,"4":1,"5":1,"6":1,"7":1,"8":1,"9":1,"10":1,"11":1,"12":1,"13":1,"14":1},"f":{"0":1},"b":{"0":[1,0],"1":[1,0]},"inputSourceMap":{"version":3,"sources":["WeatherCard.js"],"names":["WeatherCard","temp","date","avgTemp","icon","isCelsius","Math","round"],"mappings":";;;;;;;;;;;;AAAA;;AACA;;AAEA,IAAMA,WAAW,GAAG,SAAdA,WAAc,OAA8C;AAAA,MAA3CC,IAA2C,QAA3CA,IAA2C;AAAA,MAArCC,IAAqC,QAArCA,IAAqC;AAAA,MAA/BC,OAA+B,QAA/BA,OAA+B;AAAA,MAAtBC,IAAsB,QAAtBA,IAAsB;AAAA,MAAhBC,SAAgB,QAAhBA,SAAgB;AACjE,sBACC,6BAAC,WAAD;AAAK,IAAA,SAAS,EAAC,cAAf;AAA8B,IAAA,OAAO,EAAC,IAAtC;AAA2C,IAAA,eAAe,EAAC,SAA3D;AAAqE,IAAA,EAAE,EAAC;AAAxE,kBACC,6BAAC,aAAD;AAAO,IAAA,SAAS,EAAC,QAAjB;AAA0B,IAAA,cAAc,EAAC,QAAzC;AAAkD,IAAA,UAAU,EAAC;AAA7D,kBACC,6BAAC,YAAD;AAAM,IAAA,QAAQ,EAAC,UAAf;AAA0B,IAAA,EAAE,EAAED,IAA9B;AAAoC,IAAA,KAAK,EAAC;AAA1C,IADD,eAEC,6BAAC,YAAD;AAAM,IAAA,UAAU,EAAC,MAAjB;AAAwB,IAAA,QAAQ,EAAC,IAAjC;AAAsC,IAAA,KAAK,EAAC;AAA5C,KACEF,IADF,CAFD,eAKC,6BAAC,YAAD;AAAM,IAAA,SAAS,EAAC,QAAhB;AAAyB,IAAA,UAAU,EAAC;AAApC,KACE,GADF,eAEC;AAAM,IAAA,UAAU,EAAC;AAAjB,wBAFD,oBAEqD;AAAM,IAAA,SAAS,EAAC;AAAhB,KAA4BI,IAAI,CAACC,KAAL,CAAWN,IAAX,CAA5B,EACnDI,SAAS,GAAG,IAAH,GAAU,IADgC,CAFrD,CALD,eAUC,6BAAC,YAAD;AAAM,IAAA,SAAS,EAAC,QAAhB;AAAyB,IAAA,KAAK,EAAC;AAA/B,kBACC;AAAM,IAAA,UAAU,EAAC;AAAjB,8BADD,OAC4DC,IAAI,CAACC,KAAL,CAAWJ,OAAX,CAD5D,EAEEE,SAAS,GAAG,IAAH,GAAU,IAFrB,CAVD,CADD,CADD;AAmBA,CApBD;;eAsBeL,W","sourceRoot":"/Users/adebola/Documents/payoneer-weather-app/src/components/","sourcesContent":["import React from 'react'\nimport { Box, Icon, Stack, Text } from '@chakra-ui/react';\n\nconst WeatherCard = ({ temp, date, avgTemp, icon, isCelsius }) => {\n\treturn (\n\t\t<Box className=\"weather-card\" rounded=\"lg\" backgroundColor=\"#F4F6FB\" py=\"10\">\n\t\t\t<Stack direction=\"column\" justifyContent=\"center\" alignItems=\"center\">\n\t\t\t\t<Icon fontSize=\"xx-large\" as={icon} color=\"#606BEE\" />\n\t\t\t\t<Text fontWeight=\"bold\" fontSize=\"lg\" color=\"gray.500\">\n\t\t\t\t\t{date}\n\t\t\t\t</Text>\n\t\t\t\t<Text textAlign=\"center\" fontWeight=\"semibold\">\n\t\t\t\t\t{' '}\n\t\t\t\t\t<span fontWeight=\"semibold\">Temperature now:</span> <span className=\"temp-now\">{Math.round(temp)}\n\t\t\t\t\t{isCelsius ? '°C' : '°F'}</span>\n\t\t\t\t</Text>\n\t\t\t\t<Text textAlign=\"center\" color=\"gray.500\">\n\t\t\t\t\t<span fontWeight=\"semibold\">Avg Daily Temperature:</span> {Math.round(avgTemp)}\n\t\t\t\t\t{isCelsius ? '°C' : '°F'}\n\t\t\t\t</Text>\n\t\t\t</Stack>\n\t\t</Box>\n\t);\n};\n\nexport default WeatherCard;\n"]},"_coverageSchema":"1a1c01bbd47fc00a2c39e90264f33305004495a9","hash":"0b1e87273044af6d3b5395ab31283074371e1b23","contentHash":"56234dc412b54f3c62e4226e354a4ecd28a9a27540357e0a86c79b16082369ef"}}